<?xml version="1.0" encoding="UTF-8"?>
<testsuite name="hello.TestGreeter" tests="4" skipped="0" failures="0" errors="0" timestamp="2019-04-16T07:44:00" hostname="Achilles" time="0.001">
  <properties/>
  <testcase name="testGreeter" classname="hello.TestGreeter" time="0.001"/>
  <testcase name="testGreeterEmpty" classname="hello.TestGreeter" time="0.0"/>
  <testcase name="testGreeterKaren" classname="hello.TestGreeter" time="0.0"/>
  <testcase name="newtestKcpGreeterPass" classname="hello.TestGreeter" time="0.0"/>
  <system-out><![CDATA[]]></system-out>
  <system-err><![CDATA[]]></system-err>
</testsuite>
